  소스.cpp
c:\users\구건모\desktop\개발\stl\memorymonster\memorymonster\save.h(29): warning C4996: 'ctime': This function or variable may be unsafe. Consider using ctime_s instead. To disable deprecation, use _CRT_SECURE_NO_WARNINGS. See online help for details.
  c:\program files (x86)\windows kits\10\include\10.0.17134.0\ucrt\time.h(476): note: 'ctime' 선언을 참조하십시오.
c:\program files (x86)\microsoft visual studio\2017\community\vc\tools\msvc\14.15.26726\include\utility(174): warning C4267: '초기화 중': 'size_t'에서 '_Ty1'(으)로 변환하면서 데이터가 손실될 수 있습니다.
          with
          [
              _Ty1=int
          ]
  c:\program files (x86)\microsoft visual studio\2017\community\vc\tools\msvc\14.15.26726\include\xmemory0(879): note: 컴파일 중인 함수 템플릿 인스턴스화 'std::pair<const _Kty,_Ty>::pair<unsigned __int64,const std::basic_string<char,std::char_traits<char>,std::allocator<char>>&,0>(_Other1 &&,_Other2) noexcept(false)'에 대한 참조를 확인하십시오.
          with
          [
              _Kty=int,
              _Ty=std::string,
              _Other1=unsigned __int64,
              _Other2=const std::basic_string<char,std::char_traits<char>,std::allocator<char>> &
          ]
  c:\program files (x86)\microsoft visual studio\2017\community\vc\tools\msvc\14.15.26726\include\xmemory0(881): note: 컴파일 중인 함수 템플릿 인스턴스화 'std::pair<const _Kty,_Ty>::pair<unsigned __int64,const std::basic_string<char,std::char_traits<char>,std::allocator<char>>&,0>(_Other1 &&,_Other2) noexcept(false)'에 대한 참조를 확인하십시오.
          with
          [
              _Kty=int,
              _Ty=std::string,
              _Other1=unsigned __int64,
              _Other2=const std::basic_string<char,std::char_traits<char>,std::allocator<char>> &
          ]
  c:\program files (x86)\microsoft visual studio\2017\community\vc\tools\msvc\14.15.26726\include\xtree(976): note: 컴파일 중인 함수 템플릿 인스턴스화 'void std::_Default_allocator_traits<_Alloc>::construct<_Ty,unsigned __int64,const std::basic_string<char,std::char_traits<char>,std::allocator<char>>&>(_Alloc &,_Objty *const ,unsigned __int64 &&,const std::basic_string<char,std::char_traits<char>,std::allocator<char>> &)'에 대한 참조를 확인하십시오.
          with
          [
              _Alloc=std::allocator<std::_Tree_node<std::pair<const int,std::string>,std::_Default_allocator_traits<std::allocator<std::pair<const int,std::string>>>::void_pointer>>,
              _Ty=std::pair<const int,std::string>,
              _Objty=std::pair<const int,std::string>
          ]
  c:\program files (x86)\microsoft visual studio\2017\community\vc\tools\msvc\14.15.26726\include\xtree(983): note: 컴파일 중인 함수 템플릿 인스턴스화 'void std::_Default_allocator_traits<_Alloc>::construct<_Ty,unsigned __int64,const std::basic_string<char,std::char_traits<char>,std::allocator<char>>&>(_Alloc &,_Objty *const ,unsigned __int64 &&,const std::basic_string<char,std::char_traits<char>,std::allocator<char>> &)'에 대한 참조를 확인하십시오.
          with
          [
              _Alloc=std::allocator<std::_Tree_node<std::pair<const int,std::string>,std::_Default_allocator_traits<std::allocator<std::pair<const int,std::string>>>::void_pointer>>,
              _Ty=std::pair<const int,std::string>,
              _Objty=std::pair<const int,std::string>
          ]
  c:\program files (x86)\microsoft visual studio\2017\community\vc\tools\msvc\14.15.26726\include\xtree(1154): note: 컴파일 중인 함수 템플릿 인스턴스화 'std::_Tree_node<_Ty,std::_Default_allocator_traits<_Alloc>::void_pointer> *std::_Tree_comp_alloc<_Traits>::_Buynode<unsigned __int64,const std::basic_string<char,std::char_traits<char>,std::allocator<char>>&>(unsigned __int64 &&,const std::basic_string<char,std::char_traits<char>,std::allocator<char>> &)'에 대한 참조를 확인하십시오.
          with
          [
              _Ty=std::pair<const int,std::string>,
              _Alloc=std::allocator<std::pair<const int,std::string>>,
              _Traits=std::_Tmap_traits<int,std::string,std::greater<int>,std::allocator<std::pair<const int,std::string>>,true>
          ]
  c:\program files (x86)\microsoft visual studio\2017\community\vc\tools\msvc\14.15.26726\include\xtree(1155): note: 컴파일 중인 함수 템플릿 인스턴스화 'std::_Tree_node<_Ty,std::_Default_allocator_traits<_Alloc>::void_pointer> *std::_Tree_comp_alloc<_Traits>::_Buynode<unsigned __int64,const std::basic_string<char,std::char_traits<char>,std::allocator<char>>&>(unsigned __int64 &&,const std::basic_string<char,std::char_traits<char>,std::allocator<char>> &)'에 대한 참조를 확인하십시오.
          with
          [
              _Ty=std::pair<const int,std::string>,
              _Alloc=std::allocator<std::pair<const int,std::string>>,
              _Traits=std::_Tmap_traits<int,std::string,std::greater<int>,std::allocator<std::pair<const int,std::string>>,true>
          ]
  c:\program files (x86)\microsoft visual studio\2017\community\vc\tools\msvc\14.15.26726\include\map(559): note: 컴파일 중인 함수 템플릿 인스턴스화 'std::pair<std::_Tree_iterator<std::_Tree_val<std::_Tree_simple_types<_Ty>>>,bool> std::_Tree<std::_Tmap_traits<_Kty,std::basic_string<char,std::char_traits<char>,std::allocator<char>>,_Pr,_Alloc,true>>::emplace<unsigned __int64,const std::basic_string<char,std::char_traits<char>,std::allocator<char>>&>(unsigned __int64 &&,const std::basic_string<char,std::char_traits<char>,std::allocator<char>> &)'에 대한 참조를 확인하십시오.
          with
          [
              _Ty=std::pair<const int,std::string>,
              _Kty=int,
              _Pr=std::greater<int>,
              _Alloc=std::allocator<std::pair<const int,std::string>>
          ]
  c:\program files (x86)\microsoft visual studio\2017\community\vc\tools\msvc\14.15.26726\include\map(560): note: 컴파일 중인 함수 템플릿 인스턴스화 'std::pair<std::_Tree_iterator<std::_Tree_val<std::_Tree_simple_types<_Ty>>>,bool> std::_Tree<std::_Tmap_traits<_Kty,std::basic_string<char,std::char_traits<char>,std::allocator<char>>,_Pr,_Alloc,true>>::emplace<unsigned __int64,const std::basic_string<char,std::char_traits<char>,std::allocator<char>>&>(unsigned __int64 &&,const std::basic_string<char,std::char_traits<char>,std::allocator<char>> &)'에 대한 참조를 확인하십시오.
          with
          [
              _Ty=std::pair<const int,std::string>,
              _Kty=int,
              _Pr=std::greater<int>,
              _Alloc=std::allocator<std::pair<const int,std::string>>
          ]
  c:\users\구건모\desktop\개발\stl\memorymonster\memorymonster\소스.cpp(21): note: 컴파일 중인 함수 템플릿 인스턴스화 'std::_Tree_iterator<std::_Tree_val<std::_Tree_simple_types<_Ty>>> std::multimap<int,std::string,std::greater<int>,std::allocator<_Ty>>::emplace<unsigned __int64,const std::basic_string<char,std::char_traits<char>,std::allocator<char>>&>(unsigned __int64 &&,const std::basic_string<char,std::char_traits<char>,std::allocator<char>> &)'에 대한 참조를 확인하십시오.
          with
          [
              _Ty=std::pair<const int,std::string>
          ]
  c:\users\구건모\desktop\개발\stl\memorymonster\memorymonster\소스.cpp(21): note: 컴파일 중인 함수 템플릿 인스턴스화 'std::_Tree_iterator<std::_Tree_val<std::_Tree_simple_types<_Ty>>> std::multimap<int,std::string,std::greater<int>,std::allocator<_Ty>>::emplace<unsigned __int64,const std::basic_string<char,std::char_traits<char>,std::allocator<char>>&>(unsigned __int64 &&,const std::basic_string<char,std::char_traits<char>,std::allocator<char>> &)'에 대한 참조를 확인하십시오.
          with
          [
              _Ty=std::pair<const int,std::string>
          ]
  MemoryMonster.vcxproj -> C:\Users\구건모\Desktop\개발\STL\MemoryMonster\x64\Debug\MemoryMonster.exe
