  MemoryMonster.cpp
  소스.cpp
c:\users\구건모\desktop\개발\stl\memorymonster\memorymonster\save.h(29): warning C4996: 'ctime': This function or variable may be unsafe. Consider using ctime_s instead. To disable deprecation, use _CRT_SECURE_NO_WARNINGS. See online help for details.
  c:\program files (x86)\windows kits\10\include\10.0.17134.0\ucrt\time.h(476): note: 'ctime' 선언을 참조하십시오.
c:\users\구건모\desktop\개발\stl\memorymonster\memorymonster\소스.cpp(5): warning C4067: 전처리기 지시문 다음에 예기치 않은 토큰이 있습니다. 줄 바꿈 문자가 필요합니다.
c:\program files (x86)\microsoft visual studio\2017\community\vc\tools\msvc\14.15.26726\include\algorithm(3901): error C2672: '_Guess_median_unchecked': 일치하는 오버로드된 함수가 없습니다.
  c:\program files (x86)\microsoft visual studio\2017\community\vc\tools\msvc\14.15.26726\include\algorithm(4000): note: 컴파일 중인 함수 템플릿 인스턴스화 'std::pair<_RanIt,_RanIt> std::_Partition_by_median_guess_unchecked<_RanIt,_Pr>(_RanIt,_RanIt,_Pr)'에 대한 참조를 확인하십시오.
          with
          [
              _RanIt=MemoryMonster::reverse_iterator,
              _Pr=std::less<void>
          ]
  c:\program files (x86)\microsoft visual studio\2017\community\vc\tools\msvc\14.15.26726\include\algorithm(4034): note: 컴파일 중인 함수 템플릿 인스턴스화 'void std::_Sort_unchecked<_Iter,_Fn>(_RanIt,_RanIt,__int64,_Pr)'에 대한 참조를 확인하십시오.
          with
          [
              _Iter=MemoryMonster::reverse_iterator,
              _Fn=std::less<void>,
              _RanIt=MemoryMonster::reverse_iterator,
              _Pr=std::less<void>
          ]
  c:\program files (x86)\microsoft visual studio\2017\community\vc\tools\msvc\14.15.26726\include\algorithm(4040): note: 컴파일 중인 함수 템플릿 인스턴스화 'void std::sort<_RanIt,std::less<void>>(const _RanIt,const _RanIt,_Pr)'에 대한 참조를 확인하십시오.
          with
          [
              _RanIt=MemoryMonster::reverse_iterator,
              _Pr=std::less<void>
          ]
  c:\users\구건모\desktop\개발\stl\memorymonster\memorymonster\소스.cpp(22): note: 컴파일 중인 함수 템플릿 인스턴스화 'void std::sort<MemoryMonster::reverse_iterator>(const _RanIt,const _RanIt)'에 대한 참조를 확인하십시오.
          with
          [
              _RanIt=MemoryMonster::reverse_iterator
          ]
c:\program files (x86)\microsoft visual studio\2017\community\vc\tools\msvc\14.15.26726\include\algorithm(3901): error C2782: 'void std::_Guess_median_unchecked(_RanIt,_RanIt,_RanIt,_Pr)': 템플릿 매개 변수 '_RanIt'이(가) 모호합니다.
  c:\program files (x86)\microsoft visual studio\2017\community\vc\tools\msvc\14.15.26726\include\algorithm(3876): note: 'std::_Guess_median_unchecked' 선언을 참조하십시오.
  c:\program files (x86)\microsoft visual studio\2017\community\vc\tools\msvc\14.15.26726\include\algorithm(3901): note: 'char *'일 수 있습니다.
  c:\program files (x86)\microsoft visual studio\2017\community\vc\tools\msvc\14.15.26726\include\algorithm(3901): note: 또는      '_RanIt'
          with
          [
              _RanIt=MemoryMonster::reverse_iterator
          ]
c:\program files (x86)\microsoft visual studio\2017\community\vc\tools\msvc\14.15.26726\include\algorithm(3901): error C2784: 'void std::_Guess_median_unchecked(_RanIt,_RanIt,_RanIt,_Pr)': '_RanIt'의 템플릿 인수를 'char *'에서 추론할 수 없습니다.
  c:\program files (x86)\microsoft visual studio\2017\community\vc\tools\msvc\14.15.26726\include\algorithm(3876): note: 'std::_Guess_median_unchecked' 선언을 참조하십시오.
c:\program files (x86)\microsoft visual studio\2017\community\vc\tools\msvc\14.15.26726\include\algorithm(3835): error C2106: '=': 왼쪽 피연산자는 l-value이어야 합니다.
  c:\program files (x86)\microsoft visual studio\2017\community\vc\tools\msvc\14.15.26726\include\algorithm(4023): note: 컴파일 중인 함수 템플릿 인스턴스화 '_BidIt std::_Insertion_sort_unchecked<_RanIt,_Pr>(_BidIt,const _BidIt,_Pr)'에 대한 참조를 확인하십시오.
          with
          [
              _BidIt=MemoryMonster::reverse_iterator,
              _RanIt=MemoryMonster::reverse_iterator,
              _Pr=std::less<void>
          ]
c:\program files (x86)\microsoft visual studio\2017\community\vc\tools\msvc\14.15.26726\include\algorithm(3843): error C2106: '=': 왼쪽 피연산자는 l-value이어야 합니다.
c:\program files (x86)\microsoft visual studio\2017\community\vc\tools\msvc\14.15.26726\include\algorithm(3846): error C2106: '=': 왼쪽 피연산자는 l-value이어야 합니다.
